<?xml version="1.0" encoding="UTF-8"?>
<testsuites>
  <testsuite name="fastlane.lanes">
    
    
    
      
      <testcase classname="fastlane.lanes" name="0: default_platform" time="0.000253044">
        
      </testcase>
    
      
      <testcase classname="fastlane.lanes" name="1: clean assembleRelease" time="1.234365727">
        
          <failure message="/var/lib/gems/2.5.0/gems/fastlane-2.176.0/fastlane/lib/fastlane/actions/actions_helper.rb:67:in `execute_action'&#10;/var/lib/gems/2.5.0/gems/fastlane-2.176.0/fastlane/lib/fastlane/runner.rb:255:in `block in execute_action'&#10;/var/lib/gems/2.5.0/gems/fastlane-2.176.0/fastlane/lib/fastlane/runner.rb:229:in `chdir'&#10;/var/lib/gems/2.5.0/gems/fastlane-2.176.0/fastlane/lib/fastlane/runner.rb:229:in `execute_action'&#10;/var/lib/gems/2.5.0/gems/fastlane-2.176.0/fastlane/lib/fastlane/runner.rb:157:in `trigger_action_by_name'&#10;/var/lib/gems/2.5.0/gems/fastlane-2.176.0/fastlane/lib/fastlane/fast_file.rb:159:in `method_missing'&#10;Fastfile:26:in `block (2 levels) in parsing_binding'&#10;/var/lib/gems/2.5.0/gems/fastlane-2.176.0/fastlane/lib/fastlane/lane.rb:33:in `call'&#10;/var/lib/gems/2.5.0/gems/fastlane-2.176.0/fastlane/lib/fastlane/runner.rb:49:in `block in execute'&#10;/var/lib/gems/2.5.0/gems/fastlane-2.176.0/fastlane/lib/fastlane/runner.rb:45:in `chdir'&#10;/var/lib/gems/2.5.0/gems/fastlane-2.176.0/fastlane/lib/fastlane/runner.rb:45:in `execute'&#10;/var/lib/gems/2.5.0/gems/fastlane-2.176.0/fastlane/lib/fastlane/lane_manager.rb:47:in `cruise_lane'&#10;/var/lib/gems/2.5.0/gems/fastlane-2.176.0/fastlane/lib/fastlane/command_line_handler.rb:36:in `handle'&#10;/var/lib/gems/2.5.0/gems/fastlane-2.176.0/fastlane/lib/fastlane/commands_generator.rb:108:in `block (2 levels) in run'&#10;/var/lib/gems/2.5.0/gems/commander-fastlane-4.4.6/lib/commander/command.rb:178:in `call'&#10;/var/lib/gems/2.5.0/gems/commander-fastlane-4.4.6/lib/commander/command.rb:153:in `run'&#10;/var/lib/gems/2.5.0/gems/commander-fastlane-4.4.6/lib/commander/runner.rb:476:in `run_active_command'&#10;/var/lib/gems/2.5.0/gems/fastlane-2.176.0/fastlane_core/lib/fastlane_core/ui/fastlane_runner.rb:76:in `run!'&#10;/var/lib/gems/2.5.0/gems/commander-fastlane-4.4.6/lib/commander/delegates.rb:15:in `run!'&#10;/var/lib/gems/2.5.0/gems/fastlane-2.176.0/fastlane/lib/fastlane/commands_generator.rb:352:in `run'&#10;/var/lib/gems/2.5.0/gems/fastlane-2.176.0/fastlane/lib/fastlane/commands_generator.rb:41:in `start'&#10;/var/lib/gems/2.5.0/gems/fastlane-2.176.0/fastlane/lib/fastlane/cli_tools_distributor.rb:122:in `take_off'&#10;/var/lib/gems/2.5.0/gems/fastlane-2.176.0/bin/fastlane:23:in `&lt;top (required)&gt;'&#10;/usr/local/bin/fastlane:23:in `load'&#10;/usr/local/bin/fastlane:23:in `&lt;main&gt;'&#10;&#10;Exit status of command '/home/lialh4/OTPDUMMY/gradlew clean assembleRelease -p .' was 1 instead of 0.&#10;&#10;FAILURE: Build failed with an exception.&#10;&#10;* What went wrong:&#10;A problem occurred configuring project ':app'.&#10;&gt; Could not create task ':app:assembleRelease'.&#10;   &gt; Could not create task ':app:lintVitalRelease'.&#10;      &gt; SDK location not found. Define location with an ANDROID_SDK_ROOT environment variable or by setting the sdk.dir path in your project's local properties file at '/home/lialh4/OTPDUMMY/local.properties'.&#10;&#10;* Try:&#10;Run with --stacktrace option to get the stack trace. Run with --info or --debug option to get more log output. Run with --scan to get full insights.&#10;&#10;* Get more help at https://help.gradle.org&#10;&#10;BUILD FAILED in 661ms&#10;" />
        
      </testcase>
    
  </testsuite>
</testsuites>
